<?xml version="1.0" encoding="UTF-8"?>
<testng-results ignored="0" total="1" passed="1" failed="0" skipped="0">
  <reporter-output>
  </reporter-output>
  <suite started-at="2025-08-29T20:26:35 IST" name="Suite" finished-at="2025-08-29T20:26:46 IST" duration-ms="10991">
    <groups>
    </groups>
    <test started-at="2025-08-29T20:26:35 IST" name="Test" finished-at="2025-08-29T20:26:46 IST" duration-ms="10991">
      <class name="testCases.LoginTest">
        <test-method is-config="true" signature="setUp()[pri:0, instance:testCases.LoginTest@3ce1e309]" started-at="2025-08-29T20:26:35 IST" name="setUp" finished-at="2025-08-29T20:26:38 IST" duration-ms="3430" status="PASS">
          <reporter-output>
          </reporter-output>
        </test-method> <!-- setUp -->
        <test-method signature="LoginWithValidCredentials(java.lang.String,java.lang.String)[pri:0, instance:testCases.LoginTest@3ce1e309]" started-at="2025-08-29T20:26:38 IST" name="LoginWithValidCredentials" finished-at="2025-08-29T20:26:46 IST" duration-ms="7460" status="PASS">
          <params>
            <param index="0">
              <value>
                <![CDATA[standard_user]]>
              </value>
            </param>
            <param index="1">
              <value>
                <![CDATA[secret_sauce]]>
              </value>
            </param>
          </params>
          <reporter-output>
          </reporter-output>
        </test-method> <!-- LoginWithValidCredentials -->
        <test-method is-config="true" signature="tearDown()[pri:0, instance:testCases.LoginTest@3ce1e309]" started-at="2025-08-29T20:26:46 IST" name="tearDown" finished-at="2025-08-29T20:26:46 IST" duration-ms="1" status="PASS">
          <reporter-output>
          </reporter-output>
        </test-method> <!-- tearDown -->
      </class> <!-- testCases.LoginTest -->
    </test> <!-- Test -->
  </suite> <!-- Suite -->
</testng-results>
