<?xml version="1.0" encoding="UTF-8"?>
<testng-results ignored="0" total="2" passed="2" failed="0" skipped="0">
  <reporter-output>
  </reporter-output>
  <suite started-at="2025-08-29T19:20:05 IST" name="Suite" finished-at="2025-08-29T19:20:21 IST" duration-ms="15429">
    <groups>
    </groups>
    <test started-at="2025-08-29T19:20:05 IST" name="ChromeTest" finished-at="2025-08-29T19:20:20 IST" duration-ms="15200">
      <class name="testCases.LoginTest">
        <test-method is-config="true" signature="setUp()[pri:0, instance:testCases.LoginTest@38425407]" started-at="2025-08-29T19:20:05 IST" name="setUp" finished-at="2025-08-29T19:20:12 IST" duration-ms="7280" status="PASS">
          <reporter-output>
          </reporter-output>
        </test-method> <!-- setUp -->
        <test-method signature="LoginWithValidCredentials(java.lang.String,java.lang.String)[pri:0, instance:testCases.LoginTest@38425407]" started-at="2025-08-29T19:20:12 IST" name="LoginWithValidCredentials" finished-at="2025-08-29T19:20:20 IST" duration-ms="7839" status="PASS">
          <params>
            <param index="0">
              <value>
                <![CDATA[standard_user]]>
              </value>
            </param>
            <param index="1">
              <value>
                <![CDATA[secret_sauce]]>
              </value>
            </param>
          </params>
          <reporter-output>
          </reporter-output>
        </test-method> <!-- LoginWithValidCredentials -->
        <test-method is-config="true" signature="tearDown()[pri:0, instance:testCases.LoginTest@38425407]" started-at="2025-08-29T19:20:20 IST" name="tearDown" finished-at="2025-08-29T19:20:20 IST" duration-ms="1" status="PASS">
          <reporter-output>
          </reporter-output>
        </test-method> <!-- tearDown -->
      </class> <!-- testCases.LoginTest -->
    </test> <!-- ChromeTest -->
    <test started-at="2025-08-29T19:20:05 IST" name="FIrefoxTest" finished-at="2025-08-29T19:20:21 IST" duration-ms="15429">
      <class name="testCases.LoginTest">
        <test-method is-config="true" signature="setUp()[pri:0, instance:testCases.LoginTest@367ffa75]" started-at="2025-08-29T19:20:05 IST" name="setUp" finished-at="2025-08-29T19:20:12 IST" duration-ms="7241" status="PASS">
          <reporter-output>
          </reporter-output>
        </test-method> <!-- setUp -->
        <test-method signature="LoginWithValidCredentials(java.lang.String,java.lang.String)[pri:0, instance:testCases.LoginTest@367ffa75]" started-at="2025-08-29T19:20:12 IST" name="LoginWithValidCredentials" finished-at="2025-08-29T19:20:21 IST" duration-ms="8076" status="PASS">
          <params>
            <param index="0">
              <value>
                <![CDATA[standard_user]]>
              </value>
            </param>
            <param index="1">
              <value>
                <![CDATA[secret_sauce]]>
              </value>
            </param>
          </params>
          <reporter-output>
          </reporter-output>
        </test-method> <!-- LoginWithValidCredentials -->
        <test-method is-config="true" signature="tearDown()[pri:0, instance:testCases.LoginTest@367ffa75]" started-at="2025-08-29T19:20:21 IST" name="tearDown" finished-at="2025-08-29T19:20:21 IST" duration-ms="1" status="PASS">
          <reporter-output>
          </reporter-output>
        </test-method> <!-- tearDown -->
      </class> <!-- testCases.LoginTest -->
    </test> <!-- FIrefoxTest -->
  </suite> <!-- Suite -->
</testng-results>
